[2025-03-21 08:24:33,312: INFO: common: yaml file: config\config.yaml loaded successfully]
[2025-03-21 08:24:33,315: INFO: common: yaml file: params.yaml loaded successfully]
[2025-03-21 08:24:33,318: INFO: common: created directory at: artifacts]
[2025-03-21 08:24:33,320: INFO: common: created directory at: artifacts/data_ingestion]
[2025-03-21 08:24:36,956: INFO: 227420655: File is downloaded]
[2025-03-21 08:41:49,832: INFO: main: stage Data Ingestion stage initiated]
[2025-03-21 08:41:49,834: INFO: common: yaml file: config\config.yaml loaded successfully]
[2025-03-21 08:41:49,835: INFO: common: yaml file: params.yaml loaded successfully]
[2025-03-21 08:41:49,836: INFO: common: created directory at: artifacts]
[2025-03-21 08:41:49,837: INFO: common: created directory at: artifacts/data_ingestion]
[2025-03-21 08:41:49,838: INFO: data_ingestion: File already exits]
[2025-03-21 08:41:49,945: INFO: main: Stage Data Ingestion stage Completed]
[2025-03-21 08:56:47,083: INFO: common: yaml file: config\config.yaml loaded successfully]
[2025-03-21 08:56:47,085: INFO: common: yaml file: params.yaml loaded successfully]
[2025-03-21 08:56:47,088: INFO: common: created directory at: artifacts]
[2025-03-21 08:56:47,090: INFO: common: created directory at: artifacts/data_transformation]
[2025-03-21 08:57:49,342: INFO: common: yaml file: config\config.yaml loaded successfully]
[2025-03-21 08:57:49,346: INFO: common: yaml file: params.yaml loaded successfully]
[2025-03-21 08:57:49,348: INFO: common: created directory at: artifacts]
[2025-03-21 08:57:49,350: INFO: common: created directory at: artifacts/data_transformation]
[2025-03-21 08:58:18,621: INFO: common: yaml file: config\config.yaml loaded successfully]
[2025-03-21 08:58:18,623: INFO: common: yaml file: params.yaml loaded successfully]
[2025-03-21 08:58:18,625: INFO: common: created directory at: artifacts]
[2025-03-21 08:58:18,628: INFO: common: created directory at: artifacts/data_transformation]
[2025-03-21 09:00:22,316: INFO: common: yaml file: config\config.yaml loaded successfully]
[2025-03-21 09:00:22,320: INFO: common: yaml file: params.yaml loaded successfully]
[2025-03-21 09:00:22,323: INFO: common: created directory at: artifacts]
[2025-03-21 09:00:22,325: INFO: common: created directory at: artifacts/data_transformation]
[2025-03-21 09:00:51,967: INFO: common: yaml file: config\config.yaml loaded successfully]
[2025-03-21 09:00:51,970: INFO: common: yaml file: params.yaml loaded successfully]
[2025-03-21 09:00:51,973: INFO: common: created directory at: artifacts]
[2025-03-21 09:00:51,974: INFO: common: created directory at: artifacts/data_transformation]
[2025-04-16 13:51:28,855: INFO: common: yaml file: config\config.yaml loaded successfully]
[2025-04-16 13:51:28,863: INFO: common: yaml file: params.yaml loaded successfully]
[2025-04-16 13:51:28,865: INFO: common: created directory at: artifacts]
[2025-04-16 13:51:28,867: INFO: common: created directory at: artifacts/data_transformation]
[2025-04-16 14:25:58,898: INFO: main: stage Data Ingestion stage initiated]
[2025-04-16 14:25:58,903: INFO: common: yaml file: config\config.yaml loaded successfully]
[2025-04-16 14:25:58,904: INFO: common: yaml file: params.yaml loaded successfully]
[2025-04-16 14:25:58,904: INFO: common: created directory at: artifacts]
[2025-04-16 14:25:58,904: INFO: common: created directory at: artifacts/data_ingestion]
[2025-04-16 14:25:58,905: INFO: data_ingestion: File already exits]
[2025-04-16 14:25:59,023: INFO: main: Stage Data Ingestion stage Completed]
[2025-04-16 14:25:59,023: INFO: main: stage Data Transformation stage initiated]
[2025-04-16 14:25:59,026: INFO: common: yaml file: config\config.yaml loaded successfully]
[2025-04-16 14:25:59,027: INFO: common: yaml file: params.yaml loaded successfully]
[2025-04-16 14:25:59,028: INFO: common: created directory at: artifacts]
[2025-04-16 14:25:59,028: INFO: common: created directory at: artifacts/data_transformation]
[2025-04-16 14:26:04,565: INFO: main: Stage Data Transformation stage Completed]
[2025-04-17 10:31:00,546: INFO: config: PyTorch version 2.6.0 available.]
[2025-04-30 08:53:38,530: INFO: config: PyTorch version 2.6.0 available.]
[2025-04-30 08:54:50,455: INFO: common: yaml file: config\config.yaml loaded successfully]
[2025-04-30 08:54:50,458: INFO: common: yaml file: params.yaml loaded successfully]
[2025-04-30 08:54:50,459: INFO: common: created directory at: artifacts]
[2025-04-30 08:55:56,841: INFO: common: yaml file: config\config.yaml loaded successfully]
[2025-04-30 08:55:56,845: INFO: common: yaml file: params.yaml loaded successfully]
[2025-04-30 08:55:56,846: INFO: common: created directory at: artifacts]
[2025-04-30 08:56:37,283: INFO: common: yaml file: config\config.yaml loaded successfully]
[2025-04-30 08:56:37,286: INFO: common: yaml file: params.yaml loaded successfully]
[2025-04-30 08:56:37,288: INFO: common: created directory at: artifacts]
[2025-04-30 08:57:12,658: INFO: common: yaml file: config\config.yaml loaded successfully]
[2025-04-30 08:57:12,662: INFO: common: yaml file: params.yaml loaded successfully]
[2025-04-30 08:57:12,664: INFO: common: created directory at: artifacts]
[2025-04-30 08:57:30,237: INFO: common: yaml file: config\config.yaml loaded successfully]
[2025-04-30 08:57:30,239: INFO: common: yaml file: params.yaml loaded successfully]
[2025-04-30 08:57:30,241: INFO: common: created directory at: artifacts]
[2025-04-30 08:58:15,259: INFO: common: yaml file: config\config.yaml loaded successfully]
[2025-04-30 08:58:15,263: INFO: common: yaml file: params.yaml loaded successfully]
[2025-04-30 08:58:15,265: INFO: common: created directory at: artifacts]
[2025-04-30 08:58:42,573: INFO: common: yaml file: config\config.yaml loaded successfully]
[2025-04-30 08:58:42,576: INFO: common: yaml file: params.yaml loaded successfully]
[2025-04-30 08:58:42,577: INFO: common: created directory at: artifacts]
[2025-04-30 09:00:23,304: INFO: common: yaml file: config\config.yaml loaded successfully]
[2025-04-30 09:00:23,308: INFO: common: yaml file: params.yaml loaded successfully]
[2025-04-30 09:00:23,310: INFO: common: created directory at: artifacts]
[2025-04-30 09:03:17,870: INFO: config: PyTorch version 2.6.0 available.]
[2025-04-30 09:03:25,768: INFO: common: yaml file: config\config.yaml loaded successfully]
[2025-04-30 09:03:25,772: INFO: common: yaml file: params.yaml loaded successfully]
[2025-04-30 09:03:25,773: INFO: common: created directory at: artifacts]
[2025-04-30 09:07:32,471: INFO: common: yaml file: config\config.yaml loaded successfully]
[2025-04-30 09:07:32,477: INFO: common: yaml file: params.yaml loaded successfully]
[2025-04-30 09:07:32,478: INFO: common: created directory at: artifacts]
[2025-04-30 09:07:32,480: INFO: common: created directory at: artifacts/model_trainer]
[2025-04-30 09:24:37,533: INFO: common: yaml file: config\config.yaml loaded successfully]
[2025-04-30 09:24:37,540: INFO: common: yaml file: params.yaml loaded successfully]
[2025-04-30 09:24:37,545: INFO: common: created directory at: artifacts]
[2025-04-30 09:24:37,549: INFO: common: created directory at: artifacts/model_trainer]
[2025-04-30 09:25:14,714: INFO: common: yaml file: config\config.yaml loaded successfully]
[2025-04-30 09:25:14,718: INFO: common: yaml file: params.yaml loaded successfully]
[2025-04-30 09:25:14,720: INFO: common: created directory at: artifacts]
[2025-04-30 09:25:14,722: INFO: common: created directory at: artifacts/model_trainer]
[2025-04-30 09:27:51,636: INFO: config: PyTorch version 2.6.0 available.]
[2025-04-30 09:28:56,530: INFO: common: yaml file: config\config.yaml loaded successfully]
[2025-04-30 09:28:56,536: INFO: common: yaml file: params.yaml loaded successfully]
[2025-04-30 09:28:56,539: INFO: common: created directory at: artifacts]
[2025-04-30 09:28:56,540: INFO: common: created directory at: artifacts/model_trainer]
[2025-04-30 09:33:59,412: INFO: config: PyTorch version 2.6.0 available.]
[2025-04-30 09:34:34,670: INFO: common: yaml file: config\config.yaml loaded successfully]
[2025-04-30 09:34:34,674: INFO: common: yaml file: params.yaml loaded successfully]
[2025-04-30 09:34:34,679: INFO: common: created directory at: artifacts]
[2025-04-30 09:34:34,680: INFO: common: created directory at: artifacts/model_trainer]
[2025-04-30 10:53:24,049: INFO: config: PyTorch version 2.6.0 available.]
[2025-04-30 10:54:00,379: INFO: common: yaml file: config\config.yaml loaded successfully]
[2025-04-30 10:54:00,382: INFO: common: yaml file: params.yaml loaded successfully]
[2025-04-30 10:54:00,384: INFO: common: created directory at: artifacts]
[2025-04-30 10:54:00,385: INFO: common: created directory at: artifacts/model_trainer]
[2025-04-30 10:56:03,303: INFO: common: yaml file: config\config.yaml loaded successfully]
[2025-04-30 10:56:03,307: INFO: common: yaml file: params.yaml loaded successfully]
[2025-04-30 10:56:03,309: INFO: common: created directory at: artifacts]
[2025-04-30 10:56:03,310: INFO: common: created directory at: artifacts/model_trainer]
[2025-04-30 10:56:53,736: INFO: config: PyTorch version 2.6.0 available.]
[2025-04-30 10:57:30,446: INFO: common: yaml file: config\config.yaml loaded successfully]
[2025-04-30 10:57:30,453: INFO: common: yaml file: params.yaml loaded successfully]
[2025-04-30 10:57:30,458: INFO: common: created directory at: artifacts]
[2025-04-30 10:57:30,460: INFO: common: created directory at: artifacts/model_trainer]
[2025-04-30 10:58:32,975: INFO: common: yaml file: config\config.yaml loaded successfully]
[2025-04-30 10:58:32,980: INFO: common: yaml file: params.yaml loaded successfully]
[2025-04-30 10:58:32,983: INFO: common: created directory at: artifacts]
[2025-04-30 10:58:32,986: INFO: common: created directory at: artifacts/model_trainer]
[2025-04-30 10:59:05,149: INFO: config: PyTorch version 2.6.0 available.]
[2025-04-30 10:59:40,148: INFO: common: yaml file: config\config.yaml loaded successfully]
[2025-04-30 10:59:40,152: INFO: common: yaml file: params.yaml loaded successfully]
[2025-04-30 10:59:40,154: INFO: common: created directory at: artifacts]
[2025-04-30 10:59:40,156: INFO: common: created directory at: artifacts/model_trainer]
[2025-04-30 11:02:12,833: INFO: common: yaml file: config\config.yaml loaded successfully]
[2025-04-30 11:02:12,837: INFO: common: yaml file: params.yaml loaded successfully]
[2025-04-30 11:02:12,838: INFO: common: created directory at: artifacts]
[2025-04-30 11:02:12,839: INFO: common: created directory at: artifacts/model_trainer]
[2025-04-30 11:02:41,483: INFO: config: PyTorch version 2.6.0 available.]
[2025-04-30 11:03:12,467: INFO: common: yaml file: config\config.yaml loaded successfully]
[2025-04-30 11:03:12,472: INFO: common: yaml file: params.yaml loaded successfully]
[2025-04-30 11:03:12,474: INFO: common: created directory at: artifacts]
[2025-04-30 11:03:12,476: INFO: common: created directory at: artifacts/model_trainer]
[2025-04-30 11:07:18,283: INFO: common: yaml file: config\config.yaml loaded successfully]
[2025-04-30 11:07:18,288: INFO: common: yaml file: params.yaml loaded successfully]
[2025-04-30 11:07:18,289: INFO: common: created directory at: artifacts]
[2025-04-30 11:07:18,291: INFO: common: created directory at: artifacts/model_trainer]
[2025-04-30 11:07:50,140: INFO: config: PyTorch version 2.6.0 available.]
[2025-04-30 11:08:33,203: INFO: common: yaml file: config\config.yaml loaded successfully]
[2025-04-30 11:08:33,210: INFO: common: yaml file: params.yaml loaded successfully]
[2025-04-30 11:08:33,212: INFO: common: created directory at: artifacts]
[2025-04-30 11:08:33,214: INFO: common: created directory at: artifacts/model_trainer]
[2025-04-30 11:10:30,585: INFO: common: yaml file: config\config.yaml loaded successfully]
[2025-04-30 11:10:30,589: INFO: common: yaml file: params.yaml loaded successfully]
[2025-04-30 11:10:30,591: INFO: common: created directory at: artifacts]
[2025-04-30 11:10:30,594: INFO: common: created directory at: artifacts/model_trainer]
[2025-04-30 11:10:56,610: INFO: config: PyTorch version 2.6.0 available.]
[2025-04-30 11:11:31,520: INFO: common: yaml file: config\config.yaml loaded successfully]
[2025-04-30 11:11:31,525: INFO: common: yaml file: params.yaml loaded successfully]
[2025-04-30 11:11:31,526: INFO: common: created directory at: artifacts]
[2025-04-30 11:11:31,528: INFO: common: created directory at: artifacts/model_trainer]
[2025-04-30 11:12:29,067: INFO: common: yaml file: config\config.yaml loaded successfully]
[2025-04-30 11:12:29,071: INFO: common: yaml file: params.yaml loaded successfully]
[2025-04-30 11:12:29,072: INFO: common: created directory at: artifacts]
[2025-04-30 11:12:29,074: INFO: common: created directory at: artifacts/model_trainer]
[2025-04-30 11:12:53,120: INFO: config: PyTorch version 2.6.0 available.]
[2025-04-30 11:13:23,129: INFO: common: yaml file: config\config.yaml loaded successfully]
[2025-04-30 11:13:23,134: INFO: common: yaml file: params.yaml loaded successfully]
[2025-04-30 11:13:23,136: INFO: common: created directory at: artifacts]
[2025-04-30 11:13:23,138: INFO: common: created directory at: artifacts/model_trainer]
[2025-05-01 02:50:27,764: INFO: config: PyTorch version 2.7.0 available.]
[2025-05-01 02:51:14,158: INFO: common: yaml file: config\config.yaml loaded successfully]
[2025-05-01 02:51:14,181: INFO: common: yaml file: params.yaml loaded successfully]
[2025-05-01 02:51:14,185: INFO: common: created directory at: artifacts]
[2025-05-01 02:51:14,188: INFO: common: created directory at: artifacts/model_trainer]
[2025-05-01 02:52:45,091: INFO: common: yaml file: config\config.yaml loaded successfully]
[2025-05-01 02:52:45,096: INFO: common: yaml file: params.yaml loaded successfully]
[2025-05-01 02:52:45,099: INFO: common: created directory at: artifacts]
[2025-05-01 02:52:45,101: INFO: common: created directory at: artifacts/model_trainer]
[2025-05-01 02:55:26,178: INFO: common: yaml file: config\config.yaml loaded successfully]
[2025-05-01 02:55:26,181: INFO: common: yaml file: params.yaml loaded successfully]
[2025-05-01 02:55:26,183: INFO: common: created directory at: artifacts]
[2025-05-01 02:55:26,185: INFO: common: created directory at: artifacts/model_trainer]
[2025-05-01 02:56:19,770: INFO: common: yaml file: config\config.yaml loaded successfully]
[2025-05-01 02:56:19,774: INFO: common: yaml file: params.yaml loaded successfully]
[2025-05-01 02:56:19,777: INFO: common: created directory at: artifacts]
[2025-05-01 02:56:19,781: INFO: common: created directory at: artifacts/model_trainer]
[2025-05-01 02:57:35,002: INFO: common: yaml file: config\config.yaml loaded successfully]
[2025-05-01 02:57:35,006: INFO: common: yaml file: params.yaml loaded successfully]
[2025-05-01 02:57:35,009: INFO: common: created directory at: artifacts]
[2025-05-01 02:57:35,011: INFO: common: created directory at: artifacts/model_trainer]
[2025-05-01 02:59:00,829: INFO: common: yaml file: config\config.yaml loaded successfully]
[2025-05-01 02:59:00,835: INFO: common: yaml file: params.yaml loaded successfully]
[2025-05-01 02:59:00,837: INFO: common: created directory at: artifacts]
[2025-05-01 02:59:00,839: INFO: common: created directory at: artifacts/model_trainer]
[2025-05-01 02:59:28,922: INFO: common: yaml file: config\config.yaml loaded successfully]
[2025-05-01 02:59:28,928: INFO: common: yaml file: params.yaml loaded successfully]
[2025-05-01 02:59:28,929: INFO: common: created directory at: artifacts]
[2025-05-01 02:59:28,931: INFO: common: created directory at: artifacts/model_trainer]
[2025-05-01 03:05:09,502: INFO: common: yaml file: config\config.yaml loaded successfully]
[2025-05-01 03:05:09,508: INFO: common: yaml file: params.yaml loaded successfully]
[2025-05-01 03:05:09,510: INFO: common: created directory at: artifacts]
[2025-05-01 03:05:09,513: INFO: common: created directory at: artifacts/model_trainer]
[2025-05-01 03:06:48,643: INFO: common: yaml file: config\config.yaml loaded successfully]
[2025-05-01 03:06:48,648: INFO: common: yaml file: params.yaml loaded successfully]
[2025-05-01 03:06:48,650: INFO: common: created directory at: artifacts]
[2025-05-01 03:06:48,653: INFO: common: created directory at: artifacts/model_trainer]
[2025-05-01 03:08:25,141: INFO: common: yaml file: config\config.yaml loaded successfully]
[2025-05-01 03:08:25,147: INFO: common: yaml file: params.yaml loaded successfully]
[2025-05-01 03:08:25,149: INFO: common: created directory at: artifacts]
[2025-05-01 03:08:25,151: INFO: common: created directory at: artifacts/model_trainer]
[2025-05-01 03:08:37,631: INFO: common: yaml file: config\config.yaml loaded successfully]
[2025-05-01 03:08:37,635: INFO: common: yaml file: params.yaml loaded successfully]
[2025-05-01 03:08:37,638: INFO: common: created directory at: artifacts]
[2025-05-01 03:08:37,641: INFO: common: created directory at: artifacts/model_trainer]
[2025-05-01 03:09:39,381: INFO: common: yaml file: config\config.yaml loaded successfully]
[2025-05-01 03:09:39,386: INFO: common: yaml file: params.yaml loaded successfully]
[2025-05-01 03:09:39,387: INFO: common: created directory at: artifacts]
[2025-05-01 03:09:39,389: INFO: common: created directory at: artifacts/model_trainer]
[2025-05-01 03:10:31,289: INFO: common: yaml file: config\config.yaml loaded successfully]
[2025-05-01 03:10:31,294: INFO: common: yaml file: params.yaml loaded successfully]
[2025-05-01 03:10:31,296: INFO: common: created directory at: artifacts]
[2025-05-01 03:10:31,297: INFO: common: created directory at: artifacts/model_trainer]
[2025-05-01 03:15:01,618: INFO: config: PyTorch version 2.7.0 available.]
[2025-05-01 03:15:07,597: INFO: common: yaml file: config\config.yaml loaded successfully]
[2025-05-01 03:15:07,602: INFO: common: yaml file: params.yaml loaded successfully]
[2025-05-01 03:15:07,604: INFO: common: created directory at: artifacts]
[2025-05-01 03:15:07,606: INFO: common: created directory at: artifacts/model_trainer]
[2025-05-01 03:15:52,567: INFO: common: yaml file: config\config.yaml loaded successfully]
[2025-05-01 03:15:52,572: INFO: common: yaml file: params.yaml loaded successfully]
[2025-05-01 03:15:52,574: INFO: common: created directory at: artifacts]
[2025-05-01 03:15:52,577: INFO: common: created directory at: artifacts/model_trainer]
[2025-05-01 03:16:58,088: INFO: config: PyTorch version 2.7.0 available.]
[2025-05-01 03:17:25,028: INFO: common: yaml file: config\config.yaml loaded successfully]
[2025-05-01 03:17:25,041: INFO: common: yaml file: params.yaml loaded successfully]
[2025-05-01 03:17:25,043: INFO: common: created directory at: artifacts]
[2025-05-01 03:17:25,045: INFO: common: created directory at: artifacts/model_trainer]
[2025-05-01 03:20:23,780: INFO: config: PyTorch version 2.7.0 available.]
[2025-05-01 03:20:58,911: INFO: common: yaml file: config\config.yaml loaded successfully]
[2025-05-01 03:20:58,919: INFO: common: yaml file: params.yaml loaded successfully]
[2025-05-01 03:20:58,921: INFO: common: created directory at: artifacts]
[2025-05-01 03:20:58,923: INFO: common: created directory at: artifacts/model_trainer]
[2025-05-05 10:15:17,640: INFO: config: PyTorch version 2.7.0 available.]
